20:16:56.810 [main] DEBUG stepDefinitions.VerifyLogin - User clicks on MyAccount then Login button
20:20:00.789 [main] DEBUG stepDefinitions.VerifyLogin - User clicks on MyAccount then Login button
20:20:01.219 [main] DEBUG stepDefinitions.VerifyLogin - User enters email and password
20:20:01.430 [main] DEBUG stepDefinitions.VerifyLogin - User clicks Login
20:20:04.432 [main] DEBUG stepDefinitions.VerifyLogin - The title of the page should be My Account
20:21:06.387 [main] DEBUG stepDefinitions.VerifyLogin - User clicks on MyAccount then Login button
20:21:06.923 [main] DEBUG stepDefinitions.VerifyLogin - User enters email and password
20:21:07.135 [main] DEBUG stepDefinitions.VerifyLogin - User clicks Login
20:21:08.740 [main] DEBUG stepDefinitions.VerifyLogin - The title of the page should be My Account
20:40:35.782 [main] INFO  stepDefinitions.CommonSteps - Launching browser and entering the url
20:40:35.789 [main] DEBUG stepDefinitions.VerifyLogin - User clicks on MyAccount then Login button
20:40:36.282 [main] DEBUG stepDefinitions.VerifyLogin - User enters email and password
20:40:36.480 [main] DEBUG stepDefinitions.VerifyLogin - User clicks Login
20:40:38.012 [main] DEBUG stepDefinitions.VerifyLogin - The title of the page should be My Account
20:41:30.311 [main] INFO  stepDefinitions.CommonSteps - Launching browser and entering the url
20:41:30.318 [main] DEBUG stepDefinitions.VerifyLogin - User clicks on MyAccount then Login button
20:41:30.758 [main] DEBUG stepDefinitions.VerifyLogin - User enters email and password
20:41:30.956 [main] DEBUG stepDefinitions.VerifyLogin - User clicks Login
20:41:31.888 [main] DEBUG stepDefinitions.VerifyLogin - The title of the page should be My Account
20:52:22.853 [main] INFO  stepDefinitions.CommonSteps - Launching browser and entering the url
20:52:22.860 [main] DEBUG stepDefinitions.VerifyLogin - User clicks on MyAccount then Login button
20:52:23.268 [main] DEBUG stepDefinitions.VerifyLogin - User enters email and password
20:52:23.486 [main] DEBUG stepDefinitions.VerifyLogin - User clicks Login
20:52:24.630 [main] DEBUG stepDefinitions.VerifyLogin - The title of the page should be My Account
20:54:34.543 [main] INFO  stepDefinitions.CommonSteps - Launching browser and entering the url
20:54:34.550 [main] DEBUG stepDefinitions.VerifyLogin - User clicks on MyAccount then Login button
20:54:34.953 [main] DEBUG stepDefinitions.VerifyLogin - User enters email and password
20:54:35.151 [main] DEBUG stepDefinitions.VerifyLogin - User clicks Login
20:54:36.046 [main] DEBUG stepDefinitions.VerifyLogin - The title of the page should be My Account
00:11:27.228 [main] INFO  stepDefinitions.CommonSteps - Launching browser and entering the url
00:11:27.235 [main] DEBUG stepDefinitions.VerifyLogin - User clicks on MyAccount then Login button
00:11:27.656 [main] DEBUG stepDefinitions.VerifyLogin - User enters email and password
00:11:27.857 [main] DEBUG stepDefinitions.VerifyLogin - User clicks Login
00:11:28.874 [main] DEBUG stepDefinitions.VerifyLogin - The title of the page should be My Account
00:50:17.917 [main] INFO  stepDefinitions.CommonSteps - Launching browser and entering the url
00:50:17.924 [main] DEBUG stepDefinitions.VerifyLogin - User clicks on MyAccount then Login button
00:50:18.386 [main] DEBUG stepDefinitions.VerifyLogin - User enters email and password
00:50:18.503 [main] DEBUG stepDefinitions.VerifyLogin - User clicks Login
00:50:19.353 [main] DEBUG stepDefinitions.VerifyLogin - The title of the page should be My Account
00:52:43.338 [main] INFO  stepDefinitions.CommonSteps - Launching browser and entering the url
00:52:43.362 [main] DEBUG stepDefinitions.VerifyLogin - User clicks on MyAccount then Login button
00:52:43.802 [main] DEBUG stepDefinitions.VerifyLogin - User enters email and password
00:52:43.885 [main] DEBUG stepDefinitions.VerifyLogin - User clicks Login
00:52:44.836 [main] DEBUG stepDefinitions.VerifyLogin - The title of the page should be My Account
18:07:19.212 [main] INFO  stepDefinitions.CommonSteps - Launching browser and entering the url
18:51:59.856 [main] INFO  stepDefinitions.CommonSteps - Launching browser and entering the url
18:52:03.717 [main] INFO  stepDefinitions.CommonSteps - Launching browser and entering the url
18:52:06.496 [main] INFO  stepDefinitions.CommonSteps - Launching browser and entering the url
18:54:05.617 [main] INFO  stepDefinitions.CommonSteps - Launching browser and entering the url
18:54:08.817 [main] INFO  stepDefinitions.CommonSteps - Launching browser and entering the url
18:54:11.699 [main] INFO  stepDefinitions.CommonSteps - Launching browser and entering the url
18:54:48.501 [main] INFO  stepDefinitions.CommonSteps - Launching browser and entering the url
18:54:51.671 [main] INFO  stepDefinitions.CommonSteps - Launching browser and entering the url
18:54:54.552 [main] INFO  stepDefinitions.CommonSteps - Launching browser and entering the url
18:59:57.886 [main] INFO  stepDefinitions.CommonSteps - Launching browser and entering the url
19:00:12.659 [main] INFO  stepDefinitions.CommonSteps - Launching browser and entering the url
19:00:16.403 [main] INFO  stepDefinitions.CommonSteps - Launching browser and entering the url
19:18:48.278 [main] INFO  stepDefinitions.CommonSteps - Launching browser and entering the url
19:18:54.019 [main] INFO  stepDefinitions.CommonSteps - Launching browser and entering the url
19:18:58.215 [main] INFO  stepDefinitions.CommonSteps - Launching browser and entering the url
19:20:23.017 [main] INFO  stepDefinitions.CommonSteps - Launching browser and entering the url
19:20:28.501 [main] INFO  stepDefinitions.CommonSteps - Launching browser and entering the url
19:20:32.504 [main] INFO  stepDefinitions.CommonSteps - Launching browser and entering the url
19:35:21.454 [main] INFO  stepDefinitions.CommonSteps - Launching browser and entering the url
19:35:27.742 [main] INFO  stepDefinitions.CommonSteps - Launching browser and entering the url
19:35:30.615 [main] INFO  stepDefinitions.CommonSteps - Launching browser and entering the url
19:47:51.559 [main] INFO  stepDefinitions.CommonSteps - Launching browser and entering the url
19:47:56.832 [main] INFO  stepDefinitions.CommonSteps - Launching browser and entering the url
19:48:00.838 [main] INFO  stepDefinitions.CommonSteps - Launching browser and entering the url
